Arguments: 
  /home/george/.nvm/versions/node/v9.11.2/bin/node /usr/bin/yarn add @babel/preset-react --dev

PATH: 
  /home/george/.nvm/versions/node/v9.11.2/bin:/usr/local/bin:/usr/local/sbin:/usr/bin:/usr/bin/site_perl:/usr/bin/vendor_perl:/usr/bin/core_perl:/home/george/.cargo/bin

Yarn version: 
  1.10.1

Node version: 
  9.11.2

Platform: 
  linux x64

Trace: 
  Error: https://registry.yarnpkg.com/idb-filesystem: Not found
      at Request.params.callback [as _callback] (/usr/lib/node_modules/yarn/lib/cli.js:61073:18)
      at Request.self.callback (/usr/lib/node_modules/yarn/lib/cli.js:120166:22)
      at Request.emit (events.js:180:13)
      at Request.<anonymous> (/usr/lib/node_modules/yarn/lib/cli.js:121138:10)
      at Request.emit (events.js:180:13)
      at IncomingMessage.<anonymous> (/usr/lib/node_modules/yarn/lib/cli.js:121060:12)
      at Object.onceWrapper (events.js:272:13)
      at IncomingMessage.emit (events.js:185:15)
      at endReadableNT (_stream_readable.js:1106:12)
      at process._tickCallback (internal/process/next_tick.js:178:19)

npm manifest: 
  {
      "name": "gnfs",
      "version": "1.0.0",
      "description": "gn virtual filesystem",
      "main": "./dist/index.js",
      "author": "George Payne <georgepayne@hotmail.com>",
      "license": "MIT",
      "scripts": {
          "build": "webpack",
          "serve": "webpack-serve --content ./dist --no-hmr"
      },
      "dependencies": {
          "@babel/polyfill": "^7.0.0",
          "idb-filesystem": "1.0.0"
      },
      "devDependencies": {
          "@babel/cli": "^7.0.0",
          "@babel/core": "^7.0.0",
          "@babel/plugin-proposal-class-properties": "^7.0.0",
          "@babel/plugin-proposal-object-rest-spread": "^7.0.0",
          "@babel/plugin-syntax-dynamic-import": "^7.0.0",
          "@babel/preset-env": "^7.0.0",
          "@babel/preset-typescript": "^7.0.0",
          "babel-loader": "^8.0.2",
          "html-webpack-plugin": "^3.2.0",
          "typescript": "^3.0.3",
          "webpack": "^4.18.0",
          "webpack-cli": "^3.1.0",
          "webpack-serve": "^2.0.2"
      }
  }

yarn manifest: 
  No manifest

Lockfile: 
  # THIS IS AN AUTOGENERATED FILE. DO NOT EDIT THIS FILE DIRECTLY.
  # yarn lockfile v1
